<?xml version="1.0" encoding="UTF-8"?>
<!-- Generated by org.testng.reporters.JUnitXMLReporter -->
<testsuite hostname="RSLPTP1013" ignored="0" name="Test" tests="6" failures="0" timestamp="19 Apr 2020 15:36:08 GMT" time="8.513" errors="0">
  <testcase name="extractNodesFromBody" time="0.348" classname="com.reqres.testcases.GET_ListUsers"/>
  <testcase name="getBody" time="0.002" classname="com.reqres.testcases.GET_ListUsers"/>
  <testcase name="getHeader" time="0.004" classname="com.reqres.testcases.GET_ListUsers"/>
  <testcase name="getStatusCode" time="0.002" classname="com.reqres.testcases.GET_ListUsers"/>
  <testcase name="getBody" time="0.042" classname="com.reqres.testcases.POST_CreateUser"/>
  <testcase name="getStatusCode" time="0.001" classname="com.reqres.testcases.POST_CreateUser"/>
</testsuite> <!-- Test -->
